Building DAG of jobs...
File path /scr1/users/leej39/RefSeq_rna_200k/16S_fna/GCF/000/010//.DONEokfasta contains double '/'. This is likely unintended. It can also lead to inconsistent results of the file-matching approach used by Snakemake.
File path /scr1/users/leej39/RefSeq_rna_200k/16S_fna/GCF/000/007//.DONEokfasta contains double '/'. This is likely unintended. It can also lead to inconsistent results of the file-matching approach used by Snakemake.
File path /scr1/users/leej39/RefSeq_rna_200k/16S_fna/GCF/000/009//.DONEokfasta contains double '/'. This is likely unintended. It can also lead to inconsistent results of the file-matching approach used by Snakemake.
File path /scr1/users/leej39/RefSeq_rna_200k/16S_fna/GCF/000/021//.DONEokfasta contains double '/'. This is likely unintended. It can also lead to inconsistent results of the file-matching approach used by Snakemake.
File path /scr1/users/leej39/RefSeq_rna_200k/16S_fna/GCF/000/090//.DONEokfasta contains double '/'. This is likely unintended. It can also lead to inconsistent results of the file-matching approach used by Snakemake.
File path /scr1/users/leej39/RefSeq_rna_200k/16S_fna/GCF/000/174//.DONEokfasta contains double '/'. This is likely unintended. It can also lead to inconsistent results of the file-matching approach used by Snakemake.
File path /scr1/users/leej39/RefSeq_rna_200k/16S_fna/GCF/000/183//.DONEokfasta contains double '/'. This is likely unintended. It can also lead to inconsistent results of the file-matching approach used by Snakemake.
File path /scr1/users/leej39/RefSeq_rna_200k/16S_fna/GCF/000/225//.DONEokfasta contains double '/'. This is likely unintended. It can also lead to inconsistent results of the file-matching approach used by Snakemake.
File path /scr1/users/leej39/RefSeq_rna_200k/16S_fna/GCF/000/521//.DONEokfasta contains double '/'. This is likely unintended. It can also lead to inconsistent results of the file-matching approach used by Snakemake.
File path /scr1/users/leej39/RefSeq_rna_200k/16S_fna/GCF/001/280//.DONEokfasta contains double '/'. This is likely unintended. It can also lead to inconsistent results of the file-matching approach used by Snakemake.
File path /scr1/users/leej39/RefSeq_rna_200k/16S_fna/GCF/001/648//.DONEokfasta contains double '/'. This is likely unintended. It can also lead to inconsistent results of the file-matching approach used by Snakemake.
File path /scr1/users/leej39/RefSeq_rna_200k/16S_fna/GCF/001/700//.DONEokfasta contains double '/'. This is likely unintended. It can also lead to inconsistent results of the file-matching approach used by Snakemake.
File path /scr1/users/leej39/RefSeq_rna_200k/unzipped_rna_fna/GCF/000/010//.DONEunzip contains double '/'. This is likely unintended. It can also lead to inconsistent results of the file-matching approach used by Snakemake.
File path /scr1/users/leej39/RefSeq_rna_200k/16S_fna/GCF/000/010//.DONEokfasta contains double '/'. This is likely unintended. It can also lead to inconsistent results of the file-matching approach used by Snakemake.
File path /scr1/users/leej39/RefSeq_rna_200k/unzipped_rna_fna/GCF/000/007//.DONEunzip contains double '/'. This is likely unintended. It can also lead to inconsistent results of the file-matching approach used by Snakemake.
File path /scr1/users/leej39/RefSeq_rna_200k/16S_fna/GCF/000/007//.DONEokfasta contains double '/'. This is likely unintended. It can also lead to inconsistent results of the file-matching approach used by Snakemake.
File path /scr1/users/leej39/RefSeq_rna_200k/unzipped_rna_fna/GCF/000/009//.DONEunzip contains double '/'. This is likely unintended. It can also lead to inconsistent results of the file-matching approach used by Snakemake.
File path /scr1/users/leej39/RefSeq_rna_200k/16S_fna/GCF/000/009//.DONEokfasta contains double '/'. This is likely unintended. It can also lead to inconsistent results of the file-matching approach used by Snakemake.
File path /scr1/users/leej39/RefSeq_rna_200k/unzipped_rna_fna/GCF/000/021//.DONEunzip contains double '/'. This is likely unintended. It can also lead to inconsistent results of the file-matching approach used by Snakemake.
File path /scr1/users/leej39/RefSeq_rna_200k/16S_fna/GCF/000/021//.DONEokfasta contains double '/'. This is likely unintended. It can also lead to inconsistent results of the file-matching approach used by Snakemake.
File path /scr1/users/leej39/RefSeq_rna_200k/unzipped_rna_fna/GCF/000/090//.DONEunzip contains double '/'. This is likely unintended. It can also lead to inconsistent results of the file-matching approach used by Snakemake.
File path /scr1/users/leej39/RefSeq_rna_200k/16S_fna/GCF/000/090//.DONEokfasta contains double '/'. This is likely unintended. It can also lead to inconsistent results of the file-matching approach used by Snakemake.
File path /scr1/users/leej39/RefSeq_rna_200k/unzipped_rna_fna/GCF/000/174//.DONEunzip contains double '/'. This is likely unintended. It can also lead to inconsistent results of the file-matching approach used by Snakemake.
File path /scr1/users/leej39/RefSeq_rna_200k/16S_fna/GCF/000/174//.DONEokfasta contains double '/'. This is likely unintended. It can also lead to inconsistent results of the file-matching approach used by Snakemake.
File path /scr1/users/leej39/RefSeq_rna_200k/unzipped_rna_fna/GCF/000/183//.DONEunzip contains double '/'. This is likely unintended. It can also lead to inconsistent results of the file-matching approach used by Snakemake.
File path /scr1/users/leej39/RefSeq_rna_200k/16S_fna/GCF/000/183//.DONEokfasta contains double '/'. This is likely unintended. It can also lead to inconsistent results of the file-matching approach used by Snakemake.
File path /scr1/users/leej39/RefSeq_rna_200k/unzipped_rna_fna/GCF/000/225//.DONEunzip contains double '/'. This is likely unintended. It can also lead to inconsistent results of the file-matching approach used by Snakemake.
File path /scr1/users/leej39/RefSeq_rna_200k/16S_fna/GCF/000/225//.DONEokfasta contains double '/'. This is likely unintended. It can also lead to inconsistent results of the file-matching approach used by Snakemake.
File path /scr1/users/leej39/RefSeq_rna_200k/unzipped_rna_fna/GCF/000/521//.DONEunzip contains double '/'. This is likely unintended. It can also lead to inconsistent results of the file-matching approach used by Snakemake.
File path /scr1/users/leej39/RefSeq_rna_200k/16S_fna/GCF/000/521//.DONEokfasta contains double '/'. This is likely unintended. It can also lead to inconsistent results of the file-matching approach used by Snakemake.
File path /scr1/users/leej39/RefSeq_rna_200k/unzipped_rna_fna/GCF/001/280//.DONEunzip contains double '/'. This is likely unintended. It can also lead to inconsistent results of the file-matching approach used by Snakemake.
File path /scr1/users/leej39/RefSeq_rna_200k/16S_fna/GCF/001/280//.DONEokfasta contains double '/'. This is likely unintended. It can also lead to inconsistent results of the file-matching approach used by Snakemake.
File path /scr1/users/leej39/RefSeq_rna_200k/unzipped_rna_fna/GCF/001/648//.DONEunzip contains double '/'. This is likely unintended. It can also lead to inconsistent results of the file-matching approach used by Snakemake.
File path /scr1/users/leej39/RefSeq_rna_200k/16S_fna/GCF/001/648//.DONEokfasta contains double '/'. This is likely unintended. It can also lead to inconsistent results of the file-matching approach used by Snakemake.
File path /scr1/users/leej39/RefSeq_rna_200k/unzipped_rna_fna/GCF/001/700//.DONEunzip contains double '/'. This is likely unintended. It can also lead to inconsistent results of the file-matching approach used by Snakemake.
File path /scr1/users/leej39/RefSeq_rna_200k/16S_fna/GCF/001/700//.DONEokfasta contains double '/'. This is likely unintended. It can also lead to inconsistent results of the file-matching approach used by Snakemake.
File path /scr1/users/leej39/RefSeq_rna_200k/unzipped_rna_fna/GCF/000/010//.DONEcopying contains double '/'. This is likely unintended. It can also lead to inconsistent results of the file-matching approach used by Snakemake.
File path /scr1/users/leej39/RefSeq_rna_200k/unzipped_rna_fna/GCF/000/010//.DONEunzip contains double '/'. This is likely unintended. It can also lead to inconsistent results of the file-matching approach used by Snakemake.
File path /scr1/users/leej39/RefSeq_rna_200k/unzipped_rna_fna/GCF/000/010//.DONEcopying contains double '/'. This is likely unintended. It can also lead to inconsistent results of the file-matching approach used by Snakemake.
File path /scr1/users/leej39/RefSeq_rna_200k/unzipped_rna_fna/GCF/000/007//.DONEcopying contains double '/'. This is likely unintended. It can also lead to inconsistent results of the file-matching approach used by Snakemake.
File path /scr1/users/leej39/RefSeq_rna_200k/unzipped_rna_fna/GCF/000/007//.DONEunzip contains double '/'. This is likely unintended. It can also lead to inconsistent results of the file-matching approach used by Snakemake.
File path /scr1/users/leej39/RefSeq_rna_200k/unzipped_rna_fna/GCF/000/007//.DONEcopying contains double '/'. This is likely unintended. It can also lead to inconsistent results of the file-matching approach used by Snakemake.
File path /scr1/users/leej39/RefSeq_rna_200k/unzipped_rna_fna/GCF/000/009//.DONEcopying contains double '/'. This is likely unintended. It can also lead to inconsistent results of the file-matching approach used by Snakemake.
File path /scr1/users/leej39/RefSeq_rna_200k/unzipped_rna_fna/GCF/000/009//.DONEunzip contains double '/'. This is likely unintended. It can also lead to inconsistent results of the file-matching approach used by Snakemake.
File path /scr1/users/leej39/RefSeq_rna_200k/unzipped_rna_fna/GCF/000/009//.DONEcopying contains double '/'. This is likely unintended. It can also lead to inconsistent results of the file-matching approach used by Snakemake.
File path /scr1/users/leej39/RefSeq_rna_200k/unzipped_rna_fna/GCF/000/021//.DONEcopying contains double '/'. This is likely unintended. It can also lead to inconsistent results of the file-matching approach used by Snakemake.
File path /scr1/users/leej39/RefSeq_rna_200k/unzipped_rna_fna/GCF/000/021//.DONEunzip contains double '/'. This is likely unintended. It can also lead to inconsistent results of the file-matching approach used by Snakemake.
File path /scr1/users/leej39/RefSeq_rna_200k/unzipped_rna_fna/GCF/000/021//.DONEcopying contains double '/'. This is likely unintended. It can also lead to inconsistent results of the file-matching approach used by Snakemake.
File path /scr1/users/leej39/RefSeq_rna_200k/unzipped_rna_fna/GCF/000/090//.DONEcopying contains double '/'. This is likely unintended. It can also lead to inconsistent results of the file-matching approach used by Snakemake.
File path /scr1/users/leej39/RefSeq_rna_200k/unzipped_rna_fna/GCF/000/090//.DONEunzip contains double '/'. This is likely unintended. It can also lead to inconsistent results of the file-matching approach used by Snakemake.
File path /scr1/users/leej39/RefSeq_rna_200k/unzipped_rna_fna/GCF/000/090//.DONEcopying contains double '/'. This is likely unintended. It can also lead to inconsistent results of the file-matching approach used by Snakemake.
File path /scr1/users/leej39/RefSeq_rna_200k/unzipped_rna_fna/GCF/000/174//.DONEcopying contains double '/'. This is likely unintended. It can also lead to inconsistent results of the file-matching approach used by Snakemake.
File path /scr1/users/leej39/RefSeq_rna_200k/unzipped_rna_fna/GCF/000/174//.DONEunzip contains double '/'. This is likely unintended. It can also lead to inconsistent results of the file-matching approach used by Snakemake.
File path /scr1/users/leej39/RefSeq_rna_200k/unzipped_rna_fna/GCF/000/174//.DONEcopying contains double '/'. This is likely unintended. It can also lead to inconsistent results of the file-matching approach used by Snakemake.
File path /scr1/users/leej39/RefSeq_rna_200k/unzipped_rna_fna/GCF/000/183//.DONEcopying contains double '/'. This is likely unintended. It can also lead to inconsistent results of the file-matching approach used by Snakemake.
File path /scr1/users/leej39/RefSeq_rna_200k/unzipped_rna_fna/GCF/000/183//.DONEunzip contains double '/'. This is likely unintended. It can also lead to inconsistent results of the file-matching approach used by Snakemake.
File path /scr1/users/leej39/RefSeq_rna_200k/unzipped_rna_fna/GCF/000/183//.DONEcopying contains double '/'. This is likely unintended. It can also lead to inconsistent results of the file-matching approach used by Snakemake.
File path /scr1/users/leej39/RefSeq_rna_200k/unzipped_rna_fna/GCF/000/225//.DONEcopying contains double '/'. This is likely unintended. It can also lead to inconsistent results of the file-matching approach used by Snakemake.
File path /scr1/users/leej39/RefSeq_rna_200k/unzipped_rna_fna/GCF/000/225//.DONEunzip contains double '/'. This is likely unintended. It can also lead to inconsistent results of the file-matching approach used by Snakemake.
File path /scr1/users/leej39/RefSeq_rna_200k/unzipped_rna_fna/GCF/000/225//.DONEcopying contains double '/'. This is likely unintended. It can also lead to inconsistent results of the file-matching approach used by Snakemake.
File path /scr1/users/leej39/RefSeq_rna_200k/unzipped_rna_fna/GCF/000/521//.DONEcopying contains double '/'. This is likely unintended. It can also lead to inconsistent results of the file-matching approach used by Snakemake.
File path /scr1/users/leej39/RefSeq_rna_200k/unzipped_rna_fna/GCF/000/521//.DONEunzip contains double '/'. This is likely unintended. It can also lead to inconsistent results of the file-matching approach used by Snakemake.
File path /scr1/users/leej39/RefSeq_rna_200k/unzipped_rna_fna/GCF/000/521//.DONEcopying contains double '/'. This is likely unintended. It can also lead to inconsistent results of the file-matching approach used by Snakemake.
File path /scr1/users/leej39/RefSeq_rna_200k/unzipped_rna_fna/GCF/001/280//.DONEcopying contains double '/'. This is likely unintended. It can also lead to inconsistent results of the file-matching approach used by Snakemake.
File path /scr1/users/leej39/RefSeq_rna_200k/unzipped_rna_fna/GCF/001/280//.DONEunzip contains double '/'. This is likely unintended. It can also lead to inconsistent results of the file-matching approach used by Snakemake.
File path /scr1/users/leej39/RefSeq_rna_200k/unzipped_rna_fna/GCF/001/280//.DONEcopying contains double '/'. This is likely unintended. It can also lead to inconsistent results of the file-matching approach used by Snakemake.
File path /scr1/users/leej39/RefSeq_rna_200k/unzipped_rna_fna/GCF/001/648//.DONEcopying contains double '/'. This is likely unintended. It can also lead to inconsistent results of the file-matching approach used by Snakemake.
File path /scr1/users/leej39/RefSeq_rna_200k/unzipped_rna_fna/GCF/001/648//.DONEunzip contains double '/'. This is likely unintended. It can also lead to inconsistent results of the file-matching approach used by Snakemake.
File path /scr1/users/leej39/RefSeq_rna_200k/unzipped_rna_fna/GCF/001/648//.DONEcopying contains double '/'. This is likely unintended. It can also lead to inconsistent results of the file-matching approach used by Snakemake.
File path /scr1/users/leej39/RefSeq_rna_200k/unzipped_rna_fna/GCF/001/700//.DONEcopying contains double '/'. This is likely unintended. It can also lead to inconsistent results of the file-matching approach used by Snakemake.
File path /scr1/users/leej39/RefSeq_rna_200k/unzipped_rna_fna/GCF/001/700//.DONEunzip contains double '/'. This is likely unintended. It can also lead to inconsistent results of the file-matching approach used by Snakemake.
File path /scr1/users/leej39/RefSeq_rna_200k/unzipped_rna_fna/GCF/001/700//.DONEcopying contains double '/'. This is likely unintended. It can also lead to inconsistent results of the file-matching approach used by Snakemake.
Using shell: /usr/bin/bash
Provided cluster nodes: 300
Job counts:
	count	jobs
	1	all
	1	collect_16S
	2

[Wed Sep  2 14:17:46 2020]
rule collect_16S:
    input: /scr1/users/leej39/RefSeq_rna_200k/16S_fna/GCF/000/010//.DONEokfasta, /scr1/users/leej39/RefSeq_rna_200k/16S_fna/GCF/000/007//.DONEokfasta, /scr1/users/leej39/RefSeq_rna_200k/16S_fna/GCF/000/009//.DONEokfasta, /scr1/users/leej39/RefSeq_rna_200k/16S_fna/GCF/000/021//.DONEokfasta, /scr1/users/leej39/RefSeq_rna_200k/16S_fna/GCF/000/090//.DONEokfasta, /scr1/users/leej39/RefSeq_rna_200k/16S_fna/GCF/000/174//.DONEokfasta, /scr1/users/leej39/RefSeq_rna_200k/16S_fna/GCF/000/183//.DONEokfasta, /scr1/users/leej39/RefSeq_rna_200k/16S_fna/GCF/000/225//.DONEokfasta, /scr1/users/leej39/RefSeq_rna_200k/16S_fna/GCF/000/521//.DONEokfasta, /scr1/users/leej39/RefSeq_rna_200k/16S_fna/GCF/001/280//.DONEokfasta, /scr1/users/leej39/RefSeq_rna_200k/16S_fna/GCF/001/648//.DONEokfasta, /scr1/users/leej39/RefSeq_rna_200k/16S_fna/GCF/001/700//.DONEokfasta
    output: all_16S.fa
    jobid: 1


            cd /scr1/users/leej39/RefSeq_rna_200k/16S_fna
            find /scr1/users/leej39/RefSeq_rna_200k/16S_fna -name "*16S.fna" | xargs cat > all_16S.fa
        
Submitted job 1 with external jobid 'removed environment variable LD_LIBRARY_PATH_modshare from submit environment - it is considered a security issue'.
[Wed Sep  2 14:21:17 2020]
Error in rule collect_16S:
    jobid: 1
    output: all_16S.fa
    shell:
        
            cd /scr1/users/leej39/RefSeq_rna_200k/16S_fna
            find /scr1/users/leej39/RefSeq_rna_200k/16S_fna -name "*16S.fna" | xargs cat > all_16S.fa
        
        (exited with non-zero exit code)
    cluster_jobid: removed environment variable LD_LIBRARY_PATH_modshare from submit environment - it is considered a security issue

Error executing rule collect_16S on cluster (jobid: 1, external: removed environment variable LD_LIBRARY_PATH_modshare from submit environment - it is considered a security issue, jobscript: /scr1/users/leej39/RefSeq_rna_200k/.snakemake/tmp.gnqqp4qc/snakejob.collect_16S.1.sh). For detailed error see the cluster log.
Shutting down, this might take some time.
Exiting because a job execution failed. Look above for error message
mail -s "An error occurred" junglee0713@gmail.com < /home/leej39/refseq_ANI_pctid/.snakemake/log/2020-09-02T141746.264544.snakemake.log
Complete log: /home/leej39/refseq_ANI_pctid/.snakemake/log/2020-09-02T141746.264544.snakemake.log
