Building DAG of jobs...
File path /scr1/users/leej39/RefSeq_rna_200k/unzipped_rna_fna/GCF/000/010//.DONEunzip contains double '/'. This is likely unintended. It can also lead to inconsistent results of the file-matching approach used by Snakemake.
File path /scr1/users/leej39/RefSeq_rna_200k/unzipped_rna_fna/GCF/000/007//.DONEunzip contains double '/'. This is likely unintended. It can also lead to inconsistent results of the file-matching approach used by Snakemake.
File path /scr1/users/leej39/RefSeq_rna_200k/unzipped_rna_fna/GCF/000/009//.DONEunzip contains double '/'. This is likely unintended. It can also lead to inconsistent results of the file-matching approach used by Snakemake.
File path /scr1/users/leej39/RefSeq_rna_200k/unzipped_rna_fna/GCF/000/021//.DONEunzip contains double '/'. This is likely unintended. It can also lead to inconsistent results of the file-matching approach used by Snakemake.
File path /scr1/users/leej39/RefSeq_rna_200k/unzipped_rna_fna/GCF/000/090//.DONEunzip contains double '/'. This is likely unintended. It can also lead to inconsistent results of the file-matching approach used by Snakemake.
File path /scr1/users/leej39/RefSeq_rna_200k/unzipped_rna_fna/GCF/000/174//.DONEunzip contains double '/'. This is likely unintended. It can also lead to inconsistent results of the file-matching approach used by Snakemake.
File path /scr1/users/leej39/RefSeq_rna_200k/unzipped_rna_fna/GCF/000/183//.DONEunzip contains double '/'. This is likely unintended. It can also lead to inconsistent results of the file-matching approach used by Snakemake.
File path /scr1/users/leej39/RefSeq_rna_200k/unzipped_rna_fna/GCF/000/225//.DONEunzip contains double '/'. This is likely unintended. It can also lead to inconsistent results of the file-matching approach used by Snakemake.
File path /scr1/users/leej39/RefSeq_rna_200k/unzipped_rna_fna/GCF/000/521//.DONEunzip contains double '/'. This is likely unintended. It can also lead to inconsistent results of the file-matching approach used by Snakemake.
File path /scr1/users/leej39/RefSeq_rna_200k/unzipped_rna_fna/GCF/001/280//.DONEunzip contains double '/'. This is likely unintended. It can also lead to inconsistent results of the file-matching approach used by Snakemake.
File path /scr1/users/leej39/RefSeq_rna_200k/unzipped_rna_fna/GCF/001/648//.DONEunzip contains double '/'. This is likely unintended. It can also lead to inconsistent results of the file-matching approach used by Snakemake.
File path /scr1/users/leej39/RefSeq_rna_200k/unzipped_rna_fna/GCF/001/700//.DONEunzip contains double '/'. This is likely unintended. It can also lead to inconsistent results of the file-matching approach used by Snakemake.
File path /scr1/users/leej39/RefSeq_rna_200k/unzipped_rna_fna/GCF/000/010//.DONEcopying contains double '/'. This is likely unintended. It can also lead to inconsistent results of the file-matching approach used by Snakemake.
File path /scr1/users/leej39/RefSeq_rna_200k/unzipped_rna_fna/GCF/000/010//.DONEunzip contains double '/'. This is likely unintended. It can also lead to inconsistent results of the file-matching approach used by Snakemake.
File path /scr1/users/leej39/RefSeq_rna_200k/unzipped_rna_fna/GCF/000/007//.DONEcopying contains double '/'. This is likely unintended. It can also lead to inconsistent results of the file-matching approach used by Snakemake.
File path /scr1/users/leej39/RefSeq_rna_200k/unzipped_rna_fna/GCF/000/007//.DONEunzip contains double '/'. This is likely unintended. It can also lead to inconsistent results of the file-matching approach used by Snakemake.
File path /scr1/users/leej39/RefSeq_rna_200k/unzipped_rna_fna/GCF/000/009//.DONEcopying contains double '/'. This is likely unintended. It can also lead to inconsistent results of the file-matching approach used by Snakemake.
File path /scr1/users/leej39/RefSeq_rna_200k/unzipped_rna_fna/GCF/000/009//.DONEunzip contains double '/'. This is likely unintended. It can also lead to inconsistent results of the file-matching approach used by Snakemake.
File path /scr1/users/leej39/RefSeq_rna_200k/unzipped_rna_fna/GCF/000/021//.DONEcopying contains double '/'. This is likely unintended. It can also lead to inconsistent results of the file-matching approach used by Snakemake.
File path /scr1/users/leej39/RefSeq_rna_200k/unzipped_rna_fna/GCF/000/021//.DONEunzip contains double '/'. This is likely unintended. It can also lead to inconsistent results of the file-matching approach used by Snakemake.
File path /scr1/users/leej39/RefSeq_rna_200k/unzipped_rna_fna/GCF/000/090//.DONEcopying contains double '/'. This is likely unintended. It can also lead to inconsistent results of the file-matching approach used by Snakemake.
File path /scr1/users/leej39/RefSeq_rna_200k/unzipped_rna_fna/GCF/000/090//.DONEunzip contains double '/'. This is likely unintended. It can also lead to inconsistent results of the file-matching approach used by Snakemake.
File path /scr1/users/leej39/RefSeq_rna_200k/unzipped_rna_fna/GCF/000/174//.DONEcopying contains double '/'. This is likely unintended. It can also lead to inconsistent results of the file-matching approach used by Snakemake.
File path /scr1/users/leej39/RefSeq_rna_200k/unzipped_rna_fna/GCF/000/174//.DONEunzip contains double '/'. This is likely unintended. It can also lead to inconsistent results of the file-matching approach used by Snakemake.
File path /scr1/users/leej39/RefSeq_rna_200k/unzipped_rna_fna/GCF/000/183//.DONEcopying contains double '/'. This is likely unintended. It can also lead to inconsistent results of the file-matching approach used by Snakemake.
File path /scr1/users/leej39/RefSeq_rna_200k/unzipped_rna_fna/GCF/000/183//.DONEunzip contains double '/'. This is likely unintended. It can also lead to inconsistent results of the file-matching approach used by Snakemake.
File path /scr1/users/leej39/RefSeq_rna_200k/unzipped_rna_fna/GCF/000/225//.DONEcopying contains double '/'. This is likely unintended. It can also lead to inconsistent results of the file-matching approach used by Snakemake.
File path /scr1/users/leej39/RefSeq_rna_200k/unzipped_rna_fna/GCF/000/225//.DONEunzip contains double '/'. This is likely unintended. It can also lead to inconsistent results of the file-matching approach used by Snakemake.
File path /scr1/users/leej39/RefSeq_rna_200k/unzipped_rna_fna/GCF/000/521//.DONEcopying contains double '/'. This is likely unintended. It can also lead to inconsistent results of the file-matching approach used by Snakemake.
File path /scr1/users/leej39/RefSeq_rna_200k/unzipped_rna_fna/GCF/000/521//.DONEunzip contains double '/'. This is likely unintended. It can also lead to inconsistent results of the file-matching approach used by Snakemake.
File path /scr1/users/leej39/RefSeq_rna_200k/unzipped_rna_fna/GCF/001/280//.DONEcopying contains double '/'. This is likely unintended. It can also lead to inconsistent results of the file-matching approach used by Snakemake.
File path /scr1/users/leej39/RefSeq_rna_200k/unzipped_rna_fna/GCF/001/280//.DONEunzip contains double '/'. This is likely unintended. It can also lead to inconsistent results of the file-matching approach used by Snakemake.
File path /scr1/users/leej39/RefSeq_rna_200k/unzipped_rna_fna/GCF/001/648//.DONEcopying contains double '/'. This is likely unintended. It can also lead to inconsistent results of the file-matching approach used by Snakemake.
File path /scr1/users/leej39/RefSeq_rna_200k/unzipped_rna_fna/GCF/001/648//.DONEunzip contains double '/'. This is likely unintended. It can also lead to inconsistent results of the file-matching approach used by Snakemake.
File path /scr1/users/leej39/RefSeq_rna_200k/unzipped_rna_fna/GCF/001/700//.DONEcopying contains double '/'. This is likely unintended. It can also lead to inconsistent results of the file-matching approach used by Snakemake.
File path /scr1/users/leej39/RefSeq_rna_200k/unzipped_rna_fna/GCF/001/700//.DONEunzip contains double '/'. This is likely unintended. It can also lead to inconsistent results of the file-matching approach used by Snakemake.
File path /scr1/users/leej39/RefSeq_rna_200k/unzipped_rna_fna/GCF/000/010//.DONEcopying contains double '/'. This is likely unintended. It can also lead to inconsistent results of the file-matching approach used by Snakemake.
File path /scr1/users/leej39/RefSeq_rna_200k/unzipped_rna_fna/GCF/000/007//.DONEcopying contains double '/'. This is likely unintended. It can also lead to inconsistent results of the file-matching approach used by Snakemake.
File path /scr1/users/leej39/RefSeq_rna_200k/unzipped_rna_fna/GCF/000/009//.DONEcopying contains double '/'. This is likely unintended. It can also lead to inconsistent results of the file-matching approach used by Snakemake.
File path /scr1/users/leej39/RefSeq_rna_200k/unzipped_rna_fna/GCF/000/021//.DONEcopying contains double '/'. This is likely unintended. It can also lead to inconsistent results of the file-matching approach used by Snakemake.
File path /scr1/users/leej39/RefSeq_rna_200k/unzipped_rna_fna/GCF/000/090//.DONEcopying contains double '/'. This is likely unintended. It can also lead to inconsistent results of the file-matching approach used by Snakemake.
File path /scr1/users/leej39/RefSeq_rna_200k/unzipped_rna_fna/GCF/000/174//.DONEcopying contains double '/'. This is likely unintended. It can also lead to inconsistent results of the file-matching approach used by Snakemake.
File path /scr1/users/leej39/RefSeq_rna_200k/unzipped_rna_fna/GCF/000/183//.DONEcopying contains double '/'. This is likely unintended. It can also lead to inconsistent results of the file-matching approach used by Snakemake.
File path /scr1/users/leej39/RefSeq_rna_200k/unzipped_rna_fna/GCF/000/225//.DONEcopying contains double '/'. This is likely unintended. It can also lead to inconsistent results of the file-matching approach used by Snakemake.
File path /scr1/users/leej39/RefSeq_rna_200k/unzipped_rna_fna/GCF/000/521//.DONEcopying contains double '/'. This is likely unintended. It can also lead to inconsistent results of the file-matching approach used by Snakemake.
File path /scr1/users/leej39/RefSeq_rna_200k/unzipped_rna_fna/GCF/001/280//.DONEcopying contains double '/'. This is likely unintended. It can also lead to inconsistent results of the file-matching approach used by Snakemake.
File path /scr1/users/leej39/RefSeq_rna_200k/unzipped_rna_fna/GCF/001/648//.DONEcopying contains double '/'. This is likely unintended. It can also lead to inconsistent results of the file-matching approach used by Snakemake.
File path /scr1/users/leej39/RefSeq_rna_200k/unzipped_rna_fna/GCF/001/700//.DONEcopying contains double '/'. This is likely unintended. It can also lead to inconsistent results of the file-matching approach used by Snakemake.
Using shell: /usr/bin/bash
Provided cluster nodes: 300
Job counts:
	count	jobs
	1	all
	12	unzip
	13

[Wed Sep  2 11:08:03 2020]
rule unzip:
    input: /scr1/users/leej39/RefSeq_rna_200k/unzipped_rna_fna/GCF/000/007//.DONEcopying
    output: /scr1/users/leej39/RefSeq_rna_200k/unzipped_rna_fna/GCF/000/007//.DONEunzip
    jobid: 2
    wildcards: subfolder=GCF/000/007/


            cd /scr1/users/leej39/RefSeq_rna_200k/unzipped_rna_fna/GCF/000/007/
            gunzip *.gz && touch /scr1/users/leej39/RefSeq_rna_200k/unzipped_rna_fna/GCF/000/007//.DONEunzip
        
Submitted job 2 with external jobid 'removed environment variable LD_LIBRARY_PATH_modshare from submit environment - it is considered a security issue'.

[Wed Sep  2 11:08:03 2020]
rule unzip:
    input: /scr1/users/leej39/RefSeq_rna_200k/unzipped_rna_fna/GCF/001/700//.DONEcopying
    output: /scr1/users/leej39/RefSeq_rna_200k/unzipped_rna_fna/GCF/001/700//.DONEunzip
    jobid: 12
    wildcards: subfolder=GCF/001/700/


            cd /scr1/users/leej39/RefSeq_rna_200k/unzipped_rna_fna/GCF/001/700/
            gunzip *.gz && touch /scr1/users/leej39/RefSeq_rna_200k/unzipped_rna_fna/GCF/001/700//.DONEunzip
        
Submitted job 12 with external jobid 'removed environment variable LD_LIBRARY_PATH_modshare from submit environment - it is considered a security issue'.

[Wed Sep  2 11:08:04 2020]
rule unzip:
    input: /scr1/users/leej39/RefSeq_rna_200k/unzipped_rna_fna/GCF/000/225//.DONEcopying
    output: /scr1/users/leej39/RefSeq_rna_200k/unzipped_rna_fna/GCF/000/225//.DONEunzip
    jobid: 8
    wildcards: subfolder=GCF/000/225/


            cd /scr1/users/leej39/RefSeq_rna_200k/unzipped_rna_fna/GCF/000/225/
            gunzip *.gz && touch /scr1/users/leej39/RefSeq_rna_200k/unzipped_rna_fna/GCF/000/225//.DONEunzip
        
Submitted job 8 with external jobid 'removed environment variable LD_LIBRARY_PATH_modshare from submit environment - it is considered a security issue'.

[Wed Sep  2 11:08:04 2020]
rule unzip:
    input: /scr1/users/leej39/RefSeq_rna_200k/unzipped_rna_fna/GCF/000/090//.DONEcopying
    output: /scr1/users/leej39/RefSeq_rna_200k/unzipped_rna_fna/GCF/000/090//.DONEunzip
    jobid: 5
    wildcards: subfolder=GCF/000/090/


            cd /scr1/users/leej39/RefSeq_rna_200k/unzipped_rna_fna/GCF/000/090/
            gunzip *.gz && touch /scr1/users/leej39/RefSeq_rna_200k/unzipped_rna_fna/GCF/000/090//.DONEunzip
        
Submitted job 5 with external jobid 'removed environment variable LD_LIBRARY_PATH_modshare from submit environment - it is considered a security issue'.

[Wed Sep  2 11:08:04 2020]
rule unzip:
    input: /scr1/users/leej39/RefSeq_rna_200k/unzipped_rna_fna/GCF/001/280//.DONEcopying
    output: /scr1/users/leej39/RefSeq_rna_200k/unzipped_rna_fna/GCF/001/280//.DONEunzip
    jobid: 10
    wildcards: subfolder=GCF/001/280/


            cd /scr1/users/leej39/RefSeq_rna_200k/unzipped_rna_fna/GCF/001/280/
            gunzip *.gz && touch /scr1/users/leej39/RefSeq_rna_200k/unzipped_rna_fna/GCF/001/280//.DONEunzip
        
Submitted job 10 with external jobid 'removed environment variable LD_LIBRARY_PATH_modshare from submit environment - it is considered a security issue'.

[Wed Sep  2 11:08:05 2020]
rule unzip:
    input: /scr1/users/leej39/RefSeq_rna_200k/unzipped_rna_fna/GCF/000/174//.DONEcopying
    output: /scr1/users/leej39/RefSeq_rna_200k/unzipped_rna_fna/GCF/000/174//.DONEunzip
    jobid: 6
    wildcards: subfolder=GCF/000/174/


            cd /scr1/users/leej39/RefSeq_rna_200k/unzipped_rna_fna/GCF/000/174/
            gunzip *.gz && touch /scr1/users/leej39/RefSeq_rna_200k/unzipped_rna_fna/GCF/000/174//.DONEunzip
        
Submitted job 6 with external jobid 'removed environment variable LD_LIBRARY_PATH_modshare from submit environment - it is considered a security issue'.

[Wed Sep  2 11:08:05 2020]
rule unzip:
    input: /scr1/users/leej39/RefSeq_rna_200k/unzipped_rna_fna/GCF/000/521//.DONEcopying
    output: /scr1/users/leej39/RefSeq_rna_200k/unzipped_rna_fna/GCF/000/521//.DONEunzip
    jobid: 9
    wildcards: subfolder=GCF/000/521/


            cd /scr1/users/leej39/RefSeq_rna_200k/unzipped_rna_fna/GCF/000/521/
            gunzip *.gz && touch /scr1/users/leej39/RefSeq_rna_200k/unzipped_rna_fna/GCF/000/521//.DONEunzip
        
Submitted job 9 with external jobid 'removed environment variable LD_LIBRARY_PATH_modshare from submit environment - it is considered a security issue'.

[Wed Sep  2 11:08:06 2020]
rule unzip:
    input: /scr1/users/leej39/RefSeq_rna_200k/unzipped_rna_fna/GCF/001/648//.DONEcopying
    output: /scr1/users/leej39/RefSeq_rna_200k/unzipped_rna_fna/GCF/001/648//.DONEunzip
    jobid: 11
    wildcards: subfolder=GCF/001/648/


            cd /scr1/users/leej39/RefSeq_rna_200k/unzipped_rna_fna/GCF/001/648/
            gunzip *.gz && touch /scr1/users/leej39/RefSeq_rna_200k/unzipped_rna_fna/GCF/001/648//.DONEunzip
        
Submitted job 11 with external jobid 'removed environment variable LD_LIBRARY_PATH_modshare from submit environment - it is considered a security issue'.

[Wed Sep  2 11:08:06 2020]
rule unzip:
    input: /scr1/users/leej39/RefSeq_rna_200k/unzipped_rna_fna/GCF/000/010//.DONEcopying
    output: /scr1/users/leej39/RefSeq_rna_200k/unzipped_rna_fna/GCF/000/010//.DONEunzip
    jobid: 1
    wildcards: subfolder=GCF/000/010/


            cd /scr1/users/leej39/RefSeq_rna_200k/unzipped_rna_fna/GCF/000/010/
            gunzip *.gz && touch /scr1/users/leej39/RefSeq_rna_200k/unzipped_rna_fna/GCF/000/010//.DONEunzip
        
Submitted job 1 with external jobid 'removed environment variable LD_LIBRARY_PATH_modshare from submit environment - it is considered a security issue'.

[Wed Sep  2 11:08:06 2020]
rule unzip:
    input: /scr1/users/leej39/RefSeq_rna_200k/unzipped_rna_fna/GCF/000/183//.DONEcopying
    output: /scr1/users/leej39/RefSeq_rna_200k/unzipped_rna_fna/GCF/000/183//.DONEunzip
    jobid: 7
    wildcards: subfolder=GCF/000/183/


            cd /scr1/users/leej39/RefSeq_rna_200k/unzipped_rna_fna/GCF/000/183/
            gunzip *.gz && touch /scr1/users/leej39/RefSeq_rna_200k/unzipped_rna_fna/GCF/000/183//.DONEunzip
        
Submitted job 7 with external jobid 'removed environment variable LD_LIBRARY_PATH_modshare from submit environment - it is considered a security issue'.

[Wed Sep  2 11:08:07 2020]
rule unzip:
    input: /scr1/users/leej39/RefSeq_rna_200k/unzipped_rna_fna/GCF/000/009//.DONEcopying
    output: /scr1/users/leej39/RefSeq_rna_200k/unzipped_rna_fna/GCF/000/009//.DONEunzip
    jobid: 3
    wildcards: subfolder=GCF/000/009/


            cd /scr1/users/leej39/RefSeq_rna_200k/unzipped_rna_fna/GCF/000/009/
            gunzip *.gz && touch /scr1/users/leej39/RefSeq_rna_200k/unzipped_rna_fna/GCF/000/009//.DONEunzip
        
Submitted job 3 with external jobid 'removed environment variable LD_LIBRARY_PATH_modshare from submit environment - it is considered a security issue'.

[Wed Sep  2 11:08:07 2020]
rule unzip:
    input: /scr1/users/leej39/RefSeq_rna_200k/unzipped_rna_fna/GCF/000/021//.DONEcopying
    output: /scr1/users/leej39/RefSeq_rna_200k/unzipped_rna_fna/GCF/000/021//.DONEunzip
    jobid: 4
    wildcards: subfolder=GCF/000/021/


            cd /scr1/users/leej39/RefSeq_rna_200k/unzipped_rna_fna/GCF/000/021/
            gunzip *.gz && touch /scr1/users/leej39/RefSeq_rna_200k/unzipped_rna_fna/GCF/000/021//.DONEunzip
        
Submitted job 4 with external jobid 'removed environment variable LD_LIBRARY_PATH_modshare from submit environment - it is considered a security issue'.
[Wed Sep  2 11:08:46 2020]
Finished job 2.
1 of 13 steps (8%) done
Waiting at most 180 seconds for missing files.
[Wed Sep  2 11:08:59 2020]
Finished job 12.
2 of 13 steps (15%) done
[Wed Sep  2 11:08:59 2020]
Finished job 8.
3 of 13 steps (23%) done
[Wed Sep  2 11:08:59 2020]
Finished job 5.
4 of 13 steps (31%) done
[Wed Sep  2 11:08:59 2020]
Finished job 10.
5 of 13 steps (38%) done
[Wed Sep  2 11:08:59 2020]
Finished job 6.
6 of 13 steps (46%) done
[Wed Sep  2 11:08:59 2020]
Finished job 9.
7 of 13 steps (54%) done
[Wed Sep  2 11:08:59 2020]
Finished job 11.
8 of 13 steps (62%) done
[Wed Sep  2 11:08:59 2020]
Finished job 1.
9 of 13 steps (69%) done
[Wed Sep  2 11:09:00 2020]
Finished job 7.
10 of 13 steps (77%) done
[Wed Sep  2 11:09:00 2020]
Finished job 3.
11 of 13 steps (85%) done
[Wed Sep  2 11:09:00 2020]
Finished job 4.
12 of 13 steps (92%) done

[Wed Sep  2 11:09:00 2020]
localrule all:
    input: /scr1/users/leej39/RefSeq_rna_200k/unzipped_rna_fna/GCF/000/010//.DONEunzip, /scr1/users/leej39/RefSeq_rna_200k/unzipped_rna_fna/GCF/000/007//.DONEunzip, /scr1/users/leej39/RefSeq_rna_200k/unzipped_rna_fna/GCF/000/009//.DONEunzip, /scr1/users/leej39/RefSeq_rna_200k/unzipped_rna_fna/GCF/000/021//.DONEunzip, /scr1/users/leej39/RefSeq_rna_200k/unzipped_rna_fna/GCF/000/090//.DONEunzip, /scr1/users/leej39/RefSeq_rna_200k/unzipped_rna_fna/GCF/000/174//.DONEunzip, /scr1/users/leej39/RefSeq_rna_200k/unzipped_rna_fna/GCF/000/183//.DONEunzip, /scr1/users/leej39/RefSeq_rna_200k/unzipped_rna_fna/GCF/000/225//.DONEunzip, /scr1/users/leej39/RefSeq_rna_200k/unzipped_rna_fna/GCF/000/521//.DONEunzip, /scr1/users/leej39/RefSeq_rna_200k/unzipped_rna_fna/GCF/001/280//.DONEunzip, /scr1/users/leej39/RefSeq_rna_200k/unzipped_rna_fna/GCF/001/648//.DONEunzip, /scr1/users/leej39/RefSeq_rna_200k/unzipped_rna_fna/GCF/001/700//.DONEunzip
    jobid: 0

[Wed Sep  2 11:09:00 2020]
Finished job 0.
13 of 13 steps (100%) done
Complete log: /home/leej39/refseq_ANI_pctid/.snakemake/log/2020-09-02T110803.340884.snakemake.log
mail -s "Workflow finished successfully" junglee0713@gmail.com < /home/leej39/refseq_ANI_pctid/.snakemake/log/2020-09-02T110803.340884.snakemake.log
