Building DAG of jobs...
Using shell: /usr/bin/bash
Provided cluster nodes: 300
Job counts:
	count	jobs
	1	all
	1	make_dir
	2

[Wed Sep  2 10:15:53 2020]
rule make_dir:
    input: /scr1/users/leej39/RefSeq_rna_200k/test_unique_subfolders.tsv
    output: /scr1/users/leej39/RefSeq_rna_200k/data/16S_fna/G/.DONEmaking
    jobid: 1
    wildcards: subfolder=G


            mkdir -p /scr1/users/leej39/RefSeq_rna_200k/data/16S_fna/G && touch /scr1/users/leej39/RefSeq_rna_200k/data/16S_fna/G/.DONEmaking
        
Submitted job 1 with external jobid 'removed environment variable LD_LIBRARY_PATH_modshare from submit environment - it is considered a security issue'.
[Wed Sep  2 10:16:03 2020]
Finished job 1.
1 of 2 steps (50%) done

[Wed Sep  2 10:16:03 2020]
localrule all:
    input: /scr1/users/leej39/RefSeq_rna_200k/data/16S_fna/G/.DONEmaking, /scr1/users/leej39/RefSeq_rna_200k/data/16S_fna/G/.DONEmaking, /scr1/users/leej39/RefSeq_rna_200k/data/16S_fna/G/.DONEmaking, /scr1/users/leej39/RefSeq_rna_200k/data/16S_fna/G/.DONEmaking, /scr1/users/leej39/RefSeq_rna_200k/data/16S_fna/G/.DONEmaking, /scr1/users/leej39/RefSeq_rna_200k/data/16S_fna/G/.DONEmaking, /scr1/users/leej39/RefSeq_rna_200k/data/16S_fna/G/.DONEmaking, /scr1/users/leej39/RefSeq_rna_200k/data/16S_fna/G/.DONEmaking, /scr1/users/leej39/RefSeq_rna_200k/data/16S_fna/G/.DONEmaking, /scr1/users/leej39/RefSeq_rna_200k/data/16S_fna/G/.DONEmaking, /scr1/users/leej39/RefSeq_rna_200k/data/16S_fna/G/.DONEmaking, /scr1/users/leej39/RefSeq_rna_200k/data/16S_fna/G/.DONEmaking
    jobid: 0

[Wed Sep  2 10:16:03 2020]
Finished job 0.
2 of 2 steps (100%) done
Complete log: /home/leej39/refseq_ANI_pctid/.snakemake/log/2020-09-02T101553.483307.snakemake.log
mail -s "Workflow finished successfully" junglee0713@gmail.com < /home/leej39/refseq_ANI_pctid/.snakemake/log/2020-09-02T101553.483307.snakemake.log
